Exporter version: 5.6.3, Blender version: 2.79 (sub 0)
========= Conversion from Blender to Babylon.js =========
	Scene settings used :
		export scope        :  ALL
		inline textures     :  false
		Positions Precision :  4
		Normals Precision   :  3
		UVs Precision       :  3
		Vert Color Precision:  3
		Mat Weight Precision:  2
		texture directory   :  V:\Github\cornellBox\BJS-2.79-BlenderRender-babylon\assets\
	Python World class constructor completed
	processing begun of mesh:  bloc.000
		processing begun of Standard material:  bloc.000
			Diffuse texture found "checkerBJS.png"
				Image texture found, type:  diffuseTexture, mapped using: "UVMap"
		num positions      :  92
		num normals        :  92
		num uvs            :  184
		num uvs2           :  184
		num colors         :  0
		num indices        :  126
	processing begun of mesh:  suzanne.000
		processing begun of Standard material:  suzanne.000
		num positions      :  2328
		num normals        :  2328
		num uvs            :  4656
		num uvs2           :  4656
		num colors         :  0
		num indices        :  11832
	processing begun of camera (UniversalCamera):  Camera
	processing begun of mesh:  lamp.000
		processing begun of Standard material:  light.000
		num positions      :  20
		num normals        :  20
		num uvs            :  40
		num uvs2           :  0
		num colors         :  0
		num indices        :  30
	processing begun of mesh:  cornellBox.000
		processing begun of Standard material:  cornellBox.default.000
		processing begun of Standard material:  cornellBox.ground.000
			Diffuse texture found "checker-meter.png"
				Image texture found, type:  diffuseTexture, mapped using: "UVMap"
		processing begun of Standard material:  cornellBox.red.000
		processing begun of Standard material:  cornellBox.green.000
		processing begun of multimaterial:  cornellBox_2_79_BlenderRender_babylon.Multimaterial#0
		num positions      :  20
		num normals        :  20
		num uvs            :  40
		num uvs2           :  40
		num colors         :  0
		num indices        :  30
	processing begun of light (POINT):  light.000
========= Writing of scene file started =========
========= Writing of scene file completed =========
========= end of processing =========
elapsed time:  0 min, 0.3395 secs
